;  LST file generated by mikroListExporter - v.2.0 
; Date/Time: 17/02/2016 00:01:06
;----------------------------------------------

;Address Opcode 	ASM
0x0000	0x28DE      	GOTO       222
_interrupt:
0x0004	0x00FF      	MOVWF      R15
0x0005	0x0E03      	SWAPF      STATUS, 0
0x0006	0x0183      	CLRF       STATUS
0x0007	0x00B2      	MOVWF      ___saveSTATUS
0x0008	0x080A      	MOVF       PCLATH, 0
0x0009	0x00B3      	MOVWF      ___savePCLATH
0x000A	0x018A      	CLRF       PCLATH
;MyProject.c,46 :: 		void interrupt(){
;MyProject.c,47 :: 		contagem++;                            //para cada interrpção do TIMER1 incrementa a variável contagem
0x000B	0x0AAD      	INCF       _contagem, 1
;MyProject.c,48 :: 		TMR1L=0xDC;                            //recarrega o TMR1L;
0x000C	0x30DC      	MOVLW      220
0x000D	0x008E      	MOVWF      TMR1L
;MyProject.c,49 :: 		TMR1H=0x0B;                            //recarrega o TMR1H;
0x000E	0x300B      	MOVLW      11
0x000F	0x008F      	MOVWF      TMR1H
;MyProject.c,50 :: 		PIR1.TMR1IF = 0;                       //limpa o overflow.
0x0010	0x100C      	BCF        PIR1, 0
;MyProject.c,51 :: 		}
L_end_interrupt:
L__interrupt22:
0x0011	0x0833      	MOVF       ___savePCLATH, 0
0x0012	0x008A      	MOVWF      PCLATH
0x0013	0x0E32      	SWAPF      ___saveSTATUS, 0
0x0014	0x0083      	MOVWF      STATUS
0x0015	0x0EFF      	SWAPF      R15, 1
0x0016	0x0E7F      	SWAPF      R15, 0
0x0017	0x0009      	RETFIE
; end of _interrupt
_Delay_500us:
;__Lib_Delays.c,27 :: 		void Delay_500us() {
;__Lib_Delays.c,28 :: 		Delay_us(498);
0x0018	0x3004      	MOVLW      4
0x0019	0x1283      	BCF        STATUS, 5
0x001A	0x1303      	BCF        STATUS, 6
0x001B	0x00FC      	MOVWF      R12
0x001C	0x303A      	MOVLW      58
0x001D	0x00FD      	MOVWF      R13
L_Delay_500us4:
0x001E	0x0BFD      	DECFSZ     R13, 1
0x001F	0x281E      	GOTO       L_Delay_500us4
0x0020	0x0BFC      	DECFSZ     R12, 1
0x0021	0x281E      	GOTO       L_Delay_500us4
0x0022	0x0000      	NOP
;__Lib_Delays.c,29 :: 		}
L_end_Delay_500us:
0x0023	0x0008      	RETURN
; end of _Delay_500us
_____DoICP:
;__Lib_System.c,6 :: 		
;__Lib_System.c,9 :: 		
0x0024	0x1283      	BCF        STATUS, 5
0x0025	0x1303      	BCF        STATUS, 6
0x0026	0x0831      	MOVF       ___DoICPAddr+1, 0
0x0027	0x008A      	MOVWF      PCLATH
;__Lib_System.c,10 :: 		
0x0028	0x0830      	MOVF       ___DoICPAddr, 0
0x0029	0x0082      	MOVWF      PCL
;__Lib_System.c,12 :: 		
L_end_____DoICP:
0x002A	0x0008      	RETURN
; end of _____DoICP
_init:
;MyProject.c,53 :: 		char init(){
;MyProject.c,54 :: 		char *ok = "OK";
0x002B	0x3029      	MOVLW      ?lstr1_MyProject
0x002C	0x1283      	BCF        STATUS, 5
0x002D	0x1303      	BCF        STATUS, 6
0x002E	0x00B5      	MOVWF      init_ok_L0
0x002F	0x3023      	MOVLW      ?lstr2_MyProject
0x0030	0x00B6      	MOVWF      init_error_L0
;MyProject.c,57 :: 		TRY
0x0031	0x080A      	MOVF       PCLATH, 0
0x0032	0x00F1      	MOVWF      R1
0x0033	0x3002      	MOVLW      2
0x0034	0x0702      	ADDWF      PCL, 0
0x0035	0x00F2      	MOVWF      R1+1
0x0036	0x01F3      	CLRF       R1+2
0x0037	0x2860      	GOTO       L_init3
L_init5:
;MyProject.c,60 :: 		TRISA = 0;
0x0038	0x1683      	BSF        STATUS, 5
0x0039	0x0185      	CLRF       TRISA
;MyProject.c,61 :: 		PORTA = 0;
0x003A	0x1283      	BCF        STATUS, 5
0x003B	0x0185      	CLRF       PORTA
;MyProject.c,63 :: 		TRISB = 0;
0x003C	0x1683      	BSF        STATUS, 5
0x003D	0x0186      	CLRF       TRISB
;MyProject.c,64 :: 		TRISB.b6 = 1;
0x003E	0x1706      	BSF        TRISB, 6
;MyProject.c,65 :: 		TRISB.b7 = 1;
0x003F	0x1786      	BSF        TRISB, 7
;MyProject.c,66 :: 		PORTB = 0;
0x0040	0x1283      	BCF        STATUS, 5
0x0041	0x0186      	CLRF       PORTB
;MyProject.c,68 :: 		TRISC = 0;
0x0042	0x1683      	BSF        STATUS, 5
0x0043	0x0187      	CLRF       TRISC
;MyProject.c,69 :: 		PORTC= 0;
0x0044	0x1283      	BCF        STATUS, 5
0x0045	0x0187      	CLRF       PORTC
;MyProject.c,71 :: 		TRISD = 0;
0x0046	0x1683      	BSF        STATUS, 5
0x0047	0x0188      	CLRF       TRISD
;MyProject.c,72 :: 		PORTD = 0;
0x0048	0x1283      	BCF        STATUS, 5
0x0049	0x0188      	CLRF       PORTD
;MyProject.c,74 :: 		ADCON1 = 0x0F;                        //configura todos pinos A/D como I/O de uso geral
0x004A	0x300F      	MOVLW      15
0x004B	0x1683      	BSF        STATUS, 5
0x004C	0x009F      	MOVWF      ADCON1
;MyProject.c,82 :: 		INTCON.GIE=1;                          //habilita interrupção global
0x004D	0x178B      	BSF        INTCON, 7
;MyProject.c,83 :: 		INTCON.PEIE=1;                         //habilita interrupção dos perifericos
0x004E	0x170B      	BSF        INTCON, 6
;MyProject.c,84 :: 		PIE1.TMR1IE=1;                         //habilita interrupção do TIMER1
0x004F	0x140C      	BSF        PIE1, 0
;MyProject.c,86 :: 		TMR1L=0xDC;                            // byte menos significativo
0x0050	0x30DC      	MOVLW      220
0x0051	0x1283      	BCF        STATUS, 5
0x0052	0x008E      	MOVWF      TMR1L
;MyProject.c,87 :: 		TMR1H=0x0B;                            // byte mais significativo
0x0053	0x300B      	MOVLW      11
0x0054	0x008F      	MOVWF      TMR1H
;MyProject.c,88 :: 		T1CON=0b00110001;                      // Modo Temporizador, prescaler 1:4, clock interno
0x0055	0x3031      	MOVLW      49
0x0056	0x0090      	MOVWF      T1CON
;MyProject.c,90 :: 		contagem = 0;
0x0057	0x01AD      	CLRF       _contagem
;MyProject.c,91 :: 		segundo = 0;
0x0058	0x01AC      	CLRF       _segundo
;MyProject.c,92 :: 		minuto = 0;
0x0059	0x01AE      	CLRF       _minuto
;MyProject.c,93 :: 		hora = 0;
0x005A	0x01AF      	CLRF       _hora
;MyProject.c,96 :: 		EXCEPT(EXCEPTION_1)
0x005B	0x285F      	GOTO       L_init7
L_init8:
;MyProject.c,98 :: 		return error;
0x005C	0x0836      	MOVF       init_error_L0, 0
0x005D	0x00F0      	MOVWF      R0
0x005E	0x286A      	GOTO       L_end_init
;MyProject.c,100 :: 		ETRY;
L_init7:
0x005F	0x2868      	GOTO       L_init4
L_init3:
0x0060	0x0873      	MOVF       R1+2, 0
0x0061	0x3A00      	XORLW      0
0x0062	0x1903      	BTFSC      STATUS, 2
0x0063	0x2838      	GOTO       L_init5
0x0064	0x0873      	MOVF       R1+2, 0
0x0065	0x3A01      	XORLW      1
0x0066	0x1903      	BTFSC      STATUS, 2
0x0067	0x285C      	GOTO       L_init8
L_init4:
;MyProject.c,101 :: 		return ok;
0x0068	0x0835      	MOVF       init_ok_L0, 0
0x0069	0x00F0      	MOVWF      R0
;MyProject.c,102 :: 		}
L_end_init:
0x006A	0x0008      	RETURN
; end of _init
___CC2DW:
;__Lib_System.c,134 :: 		
;__Lib_System.c,137 :: 		
_CC2D_Loop1:
;__Lib_System.c,139 :: 		
0x006B	0x2024      	CALL       _____DoICP
0x006C	0x118A      	BCF        PCLATH, 3
0x006D	0x120A      	BCF        PCLATH, 4
;__Lib_System.c,141 :: 		
0x006E	0x0080      	MOVWF      INDF
;__Lib_System.c,142 :: 		
0x006F	0x0A84      	INCF       FSR, 1
;__Lib_System.c,143 :: 		
0x0070	0x0AB0      	INCF       ___DoICPAddr, 1
;__Lib_System.c,145 :: 		
0x0071	0x1903      	BTFSC      STATUS, 2
;__Lib_System.c,146 :: 		
0x0072	0x0AB1      	INCF       ___DoICPAddr+1, 1
;__Lib_System.c,147 :: 		
0x0073	0x03F0      	DECF       R0, 1
;__Lib_System.c,149 :: 		
0x0074	0x1D03      	BTFSS      STATUS, 2
;__Lib_System.c,150 :: 		
0x0075	0x286B      	GOTO       _CC2D_Loop1
;__Lib_System.c,152 :: 		
L_end___CC2DW:
0x0076	0x0008      	RETURN
; end of ___CC2DW
_Button:
;__Lib_Button.c,6 :: 		
;__Lib_Button.c,8 :: 		
0x0077	0x1283      	BCF        STATUS, 5
0x0078	0x1303      	BCF        STATUS, 6
0x0079	0x01BA      	CLRF       Button_rslt_L0
;__Lib_Button.c,11 :: 		
0x007A	0x0836      	MOVF       FARG_Button_pin, 0
0x007B	0x00F1      	MOVWF      R1
0x007C	0x3001      	MOVLW      1
0x007D	0x00F0      	MOVWF      R0
0x007E	0x0871      	MOVF       R1, 0
L__Button5:
0x007F	0x1903      	BTFSC      STATUS, 2
0x0080	0x2885      	GOTO       L__Button6
0x0081	0x0DF0      	RLF        R0, 1
0x0082	0x1070      	BCF        R0, 0
0x0083	0x3EFF      	ADDLW      255
0x0084	0x287F      	GOTO       L__Button5
L__Button6:
0x0085	0x0870      	MOVF       R0, 0
0x0086	0x00B9      	MOVWF      Button_pMask_L0
;__Lib_Button.c,13 :: 		
0x0087	0x0835      	MOVF       FARG_Button_port, 0
0x0088	0x0084      	MOVWF      FSR
0x0089	0x0870      	MOVF       R0, 0
0x008A	0x0500      	ANDWF      INDF, 0
0x008B	0x00F1      	MOVWF      R1
0x008C	0x0871      	MOVF       R1, 0
0x008D	0x3001      	MOVLW      1
0x008E	0x1D03      	BTFSS      STATUS, 2
0x008F	0x3000      	MOVLW      0
0x0090	0x00F0      	MOVWF      R0
0x0091	0x0838      	MOVF       FARG_Button_active_state, 0
0x0092	0x06F0      	XORWF      R0, 1
0x0093	0x1903      	BTFSC      STATUS, 2
0x0094	0x28AD      	GOTO       L_Button0
;__Lib_Button.c,15 :: 		
L_Button1:
0x0095	0x0837      	MOVF       FARG_Button_time_ms, 0
0x0096	0x3C00      	SUBLW      0
0x0097	0x1803      	BTFSC      STATUS, 0
0x0098	0x289D      	GOTO       L_Button2
;__Lib_Button.c,16 :: 		
0x0099	0x2018      	CALL       _Delay_500us
;__Lib_Button.c,17 :: 		
0x009A	0x2018      	CALL       _Delay_500us
;__Lib_Button.c,18 :: 		
0x009B	0x03B7      	DECF       FARG_Button_time_ms, 1
;__Lib_Button.c,19 :: 		
0x009C	0x2895      	GOTO       L_Button1
L_Button2:
;__Lib_Button.c,21 :: 		
0x009D	0x0835      	MOVF       FARG_Button_port, 0
0x009E	0x0084      	MOVWF      FSR
0x009F	0x0839      	MOVF       Button_pMask_L0, 0
0x00A0	0x0500      	ANDWF      INDF, 0
0x00A1	0x00F1      	MOVWF      R1
0x00A2	0x0871      	MOVF       R1, 0
0x00A3	0x3001      	MOVLW      1
0x00A4	0x1D03      	BTFSS      STATUS, 2
0x00A5	0x3000      	MOVLW      0
0x00A6	0x00F0      	MOVWF      R0
0x00A7	0x0838      	MOVF       FARG_Button_active_state, 0
0x00A8	0x06F0      	XORWF      R0, 1
0x00A9	0x1903      	BTFSC      STATUS, 2
0x00AA	0x28AD      	GOTO       L_Button3
;__Lib_Button.c,22 :: 		
0x00AB	0x30FF      	MOVLW      255
0x00AC	0x00BA      	MOVWF      Button_rslt_L0
L_Button3:
;__Lib_Button.c,23 :: 		
L_Button0:
;__Lib_Button.c,25 :: 		
0x00AD	0x083A      	MOVF       Button_rslt_L0, 0
0x00AE	0x00F0      	MOVWF      R0
;__Lib_Button.c,26 :: 		
L_end_Button:
0x00AF	0x0008      	RETURN
; end of _Button
_strncmp:
;__Lib_CString.c,223 :: 		
;__Lib_CString.c,225 :: 		
L_strncmp58:
0x00B0	0x1283      	BCF        STATUS, 5
0x00B1	0x1303      	BCF        STATUS, 6
0x00B2	0x0837      	MOVF       FARG_strncmp_len, 0
0x00B3	0x00F0      	MOVWF      R0
0x00B4	0x03B7      	DECF       FARG_strncmp_len, 1
0x00B5	0x0870      	MOVF       R0, 0
0x00B6	0x1903      	BTFSC      STATUS, 2
0x00B7	0x28DB      	GOTO       L_strncmp59
;__Lib_CString.c,226 :: 		
0x00B8	0x0835      	MOVF       FARG_strncmp_s1, 0
0x00B9	0x0084      	MOVWF      FSR
0x00BA	0x0800      	MOVF       INDF, 0
0x00BB	0x3A00      	XORLW      0
0x00BC	0x1903      	BTFSC      STATUS, 2
0x00BD	0x28C9      	GOTO       L__strncmp85
0x00BE	0x0836      	MOVF       FARG_strncmp_s2, 0
0x00BF	0x0084      	MOVWF      FSR
0x00C0	0x0800      	MOVF       INDF, 0
0x00C1	0x00F1      	MOVWF      R1
0x00C2	0x0835      	MOVF       FARG_strncmp_s1, 0
0x00C3	0x0084      	MOVWF      FSR
0x00C4	0x0800      	MOVF       INDF, 0
0x00C5	0x0671      	XORWF      R1, 0
0x00C6	0x1D03      	BTFSS      STATUS, 2
0x00C7	0x28C9      	GOTO       L__strncmp85
0x00C8	0x28D8      	GOTO       L_strncmp62
L__strncmp85:
;__Lib_CString.c,227 :: 		
0x00C9	0x0835      	MOVF       FARG_strncmp_s1, 0
0x00CA	0x0084      	MOVWF      FSR
0x00CB	0x0800      	MOVF       INDF, 0
0x00CC	0x00F1      	MOVWF      R1
0x00CD	0x0836      	MOVF       FARG_strncmp_s2, 0
0x00CE	0x0084      	MOVWF      FSR
0x00CF	0x0800      	MOVF       INDF, 0
0x00D0	0x00F0      	MOVWF      R0
0x00D1	0x0870      	MOVF       R0, 0
0x00D2	0x0271      	SUBWF      R1, 0
0x00D3	0x00F0      	MOVWF      R0
0x00D4	0x01F1      	CLRF       R0+1
0x00D5	0x1C03      	BTFSS      STATUS, 0
0x00D6	0x03F1      	DECF       R0+1, 1
0x00D7	0x28DD      	GOTO       L_end_strncmp
L_strncmp62:
;__Lib_CString.c,228 :: 		
0x00D8	0x0AB5      	INCF       FARG_strncmp_s1, 1
;__Lib_CString.c,229 :: 		
0x00D9	0x0AB6      	INCF       FARG_strncmp_s2, 1
;__Lib_CString.c,230 :: 		
0x00DA	0x28B0      	GOTO       L_strncmp58
L_strncmp59:
;__Lib_CString.c,231 :: 		
0x00DB	0x01F0      	CLRF       R0
0x00DC	0x01F1      	CLRF       R0+1
;__Lib_CString.c,232 :: 		
L_end_strncmp:
0x00DD	0x0008      	RETURN
; end of _strncmp
_main:
0x00DE	0x304F      	MOVLW      79
0x00DF	0x1283      	BCF        STATUS, 5
0x00E0	0x1303      	BCF        STATUS, 6
0x00E1	0x00A0      	MOVWF      ?lstr3_MyProject
0x00E2	0x304B      	MOVLW      75
0x00E3	0x00A1      	MOVWF      33
0x00E4	0x01A2      	CLRF       34
0x00E5	0x3045      	MOVLW      69
0x00E6	0x00A3      	MOVWF      ?lstr2_MyProject
0x00E7	0x3052      	MOVLW      82
0x00E8	0x00A4      	MOVWF      36
0x00E9	0x3052      	MOVLW      82
0x00EA	0x00A5      	MOVWF      37
0x00EB	0x304F      	MOVLW      79
0x00EC	0x00A6      	MOVWF      38
0x00ED	0x3052      	MOVLW      82
0x00EE	0x00A7      	MOVWF      39
0x00EF	0x01A8      	CLRF       40
0x00F0	0x304F      	MOVLW      79
0x00F1	0x00A9      	MOVWF      ?lstr1_MyProject
0x00F2	0x304B      	MOVLW      75
0x00F3	0x00AA      	MOVWF      42
0x00F4	0x01AB      	CLRF       43
;MyProject.c,104 :: 		void main(){
;MyProject.c,106 :: 		char *ok = "OK";
0x00F5	0x3020      	MOVLW      ?lstr3_MyProject
0x00F6	0x00B4      	MOVWF      main_ok_L0
;MyProject.c,110 :: 		do{
L_main9:
;MyProject.c,111 :: 		str = init();
0x00F7	0x202B      	CALL       _init
;MyProject.c,112 :: 		res = strncmp(ok, str, 2);
0x00F8	0x0834      	MOVF       main_ok_L0, 0
0x00F9	0x00B5      	MOVWF      FARG_strncmp_s1
0x00FA	0x0870      	MOVF       R0, 0
0x00FB	0x00B6      	MOVWF      FARG_strncmp_s2
0x00FC	0x3002      	MOVLW      2
0x00FD	0x00B7      	MOVWF      FARG_strncmp_len
0x00FE	0x20B0      	CALL       _strncmp
;MyProject.c,113 :: 		}while (res != 0);
0x00FF	0x0870      	MOVF       R0, 0
0x0100	0x3A00      	XORLW      0
0x0101	0x1D03      	BTFSS      STATUS, 2
0x0102	0x28F7      	GOTO       L_main9
;MyProject.c,115 :: 		while(true)
L_main12:
;MyProject.c,117 :: 		if (contagem == 10){
0x0103	0x082D      	MOVF       _contagem, 0
0x0104	0x3A0A      	XORLW      10
0x0105	0x1D03      	BTFSS      STATUS, 2
0x0106	0x2909      	GOTO       L_main14
;MyProject.c,118 :: 		segundo++;
0x0107	0x0AAC      	INCF       _segundo, 1
;MyProject.c,119 :: 		contagem = 0;
0x0108	0x01AD      	CLRF       _contagem
;MyProject.c,120 :: 		}
L_main14:
;MyProject.c,122 :: 		if (segundo == 60){
0x0109	0x082C      	MOVF       _segundo, 0
0x010A	0x3A3C      	XORLW      60
0x010B	0x1D03      	BTFSS      STATUS, 2
0x010C	0x290F      	GOTO       L_main15
;MyProject.c,123 :: 		minuto++;
0x010D	0x0AAE      	INCF       _minuto, 1
;MyProject.c,124 :: 		segundo = 0;
0x010E	0x01AC      	CLRF       _segundo
;MyProject.c,125 :: 		}
L_main15:
;MyProject.c,127 :: 		if (minuto == 60){
0x010F	0x082E      	MOVF       _minuto, 0
0x0110	0x3A3C      	XORLW      60
0x0111	0x1D03      	BTFSS      STATUS, 2
0x0112	0x2915      	GOTO       L_main16
;MyProject.c,128 :: 		hora++;
0x0113	0x0AAF      	INCF       _hora, 1
;MyProject.c,129 :: 		minuto = 0;
0x0114	0x01AE      	CLRF       _minuto
;MyProject.c,130 :: 		}
L_main16:
;MyProject.c,132 :: 		if (hora == 24)
0x0115	0x082F      	MOVF       _hora, 0
0x0116	0x3A18      	XORLW      24
0x0117	0x1D03      	BTFSS      STATUS, 2
0x0118	0x291A      	GOTO       L_main17
;MyProject.c,133 :: 		hora = 0;
0x0119	0x01AF      	CLRF       _hora
L_main17:
;MyProject.c,135 :: 		PORTD = segundo;
0x011A	0x082C      	MOVF       _segundo, 0
0x011B	0x0088      	MOVWF      PORTD
;MyProject.c,136 :: 		PORTC = minuto;
0x011C	0x082E      	MOVF       _minuto, 0
0x011D	0x0087      	MOVWF      PORTC
;MyProject.c,137 :: 		PORTB = hora;
0x011E	0x082F      	MOVF       _hora, 0
0x011F	0x0086      	MOVWF      PORTB
;MyProject.c,150 :: 		if ((Button (&PORTB, 6, 250, 1)))
0x0120	0x3006      	MOVLW      PORTB
0x0121	0x00B5      	MOVWF      FARG_Button_port
0x0122	0x3006      	MOVLW      6
0x0123	0x00B6      	MOVWF      FARG_Button_pin
0x0124	0x30FA      	MOVLW      250
0x0125	0x00B7      	MOVWF      FARG_Button_time_ms
0x0126	0x3001      	MOVLW      1
0x0127	0x00B8      	MOVWF      FARG_Button_active_state
0x0128	0x2077      	CALL       _Button
0x0129	0x0870      	MOVF       R0, 0
0x012A	0x1903      	BTFSC      STATUS, 2
0x012B	0x292E      	GOTO       L_main18
;MyProject.c,151 :: 		minuto++;
0x012C	0x0AAE      	INCF       _minuto, 1
0x012D	0x293B      	GOTO       L_main19
L_main18:
;MyProject.c,153 :: 		else if ((Button (&PORTB, 7, 250, 1)))
0x012E	0x3006      	MOVLW      PORTB
0x012F	0x00B5      	MOVWF      FARG_Button_port
0x0130	0x3007      	MOVLW      7
0x0131	0x00B6      	MOVWF      FARG_Button_pin
0x0132	0x30FA      	MOVLW      250
0x0133	0x00B7      	MOVWF      FARG_Button_time_ms
0x0134	0x3001      	MOVLW      1
0x0135	0x00B8      	MOVWF      FARG_Button_active_state
0x0136	0x2077      	CALL       _Button
0x0137	0x0870      	MOVF       R0, 0
0x0138	0x1903      	BTFSC      STATUS, 2
0x0139	0x293B      	GOTO       L_main20
;MyProject.c,154 :: 		hora++;
0x013A	0x0AAF      	INCF       _hora, 1
L_main20:
L_main19:
;MyProject.c,155 :: 		}
0x013B	0x2903      	GOTO       L_main12
;MyProject.c,156 :: 		}
L_end_main:
0x013C	0x293C      	GOTO       $+0
; end of _main
Symbol List:
//** Routines locations **
//ADDRESS    SIZE    PROCEDURE
//----------------------------------------------
0x0004      [20]    _interrupt
0x0018      [12]    _Delay_500us
0x0024       [7]    _____DoICP
0x002B      [64]    _init
0x006B      [12]    ___CC2DW
0x0077      [57]    _Button
0x00B0      [46]    _strncmp
0x00DE      [95]    _main
//** Variables locations ** 
//ADDRESS    SIZE    VARIABLE
//----------------------------------------------
0x0000       [1]    INDF
0x0002       [1]    PCL
0x0003       [1]    STATUS
0x0004       [1]    FSR
0x0005       [1]    PORTA
0x0006       [0]    RB4_bit
0x0006       [0]    RB5_bit
0x0006       [0]    RB7_bit
0x0006       [0]    RB6_bit
0x0006       [0]    RB1_bit
0x0006       [0]    RB0_bit
0x0006       [1]    PORTB
0x0007       [1]    PORTC
0x0008       [1]    PORTD
0x000A       [1]    PCLATH
0x000B       [1]    INTCON
0x000C       [1]    PIR1
0x000E       [1]    TMR1L
0x000F       [1]    TMR1H
0x0010       [1]    T1CON
0x0020       [3]    ?lstr3_MyProject
0x0023       [6]    ?lstr2_MyProject
0x0029       [3]    ?lstr1_MyProject
0x002C       [1]    _segundo
0x002D       [1]    _contagem
0x002E       [1]    _minuto
0x002F       [1]    _hora
0x0030       [2]    ___DoICPAddr
0x0032       [1]    ___saveSTATUS
0x0033       [1]    ___savePCLATH
0x0034       [1]    main_ok_L0
0x0035       [1]    init_ok_L0
0x0035       [1]    FARG_strncmp_s1
0x0035       [1]    FARG_Button_port
0x0036       [1]    init_error_L0
0x0036       [1]    FARG_Button_pin
0x0036       [1]    FARG_strncmp_s2
0x0037       [1]    FARG_Button_time_ms
0x0037       [1]    FARG_strncmp_len
0x0038       [1]    FARG_Button_active_state
0x0039       [1]    Button_pMask_L0
0x003A       [1]    Button_rslt_L0
0x0070       [1]    R0
0x0071       [1]    R1
0x0072       [1]    R2
0x0073       [1]    R3
0x0074       [1]    R4
0x0075       [1]    R5
0x0076       [1]    R6
0x0077       [1]    R7
0x0078       [1]    R8
0x0079       [1]    R9
0x007A       [1]    R10
0x007B       [1]    R11
0x007C       [1]    R12
0x007D       [1]    R13
0x007E       [1]    R14
0x007F       [1]    R15
0x0085       [1]    TRISA
0x0086       [0]    TRISB1_bit
0x0086       [0]    TRISB4_bit
0x0086       [0]    TRISB5_bit
0x0086       [0]    TRISB7_bit
0x0086       [0]    TRISB6_bit
0x0086       [0]    TRISB0_bit
0x0086       [1]    TRISB
0x0087       [1]    TRISC
0x0088       [1]    TRISD
0x008C       [1]    PIE1
0x009F       [1]    ADCON1
//** Label List: ** 
//----------------------------------------------
  L_init0
  L_init1
  L_init2
  L_init3
  L_init4
  L_init5
  L_init6
  L_init7
  L_init8
  L_main9
  L_main10
  L_main11
  L_main12
  L_main13
  L_main14
  L_main15
  L_main16
  L_main17
  L_main18
  L_main19
  L_main20
  L_end_interrupt
  _interrupt
  L__interrupt22
  L_end_init
  _init
  L_end_main
  _main
  L_Button0
  L_Button1
  L_Button2
  L_Button3
  L_end_Button
  _Button
  L__Button5
  L__Button6
  L_memchr0
  L_memchr1
  L_memchr2
  L_memchr3
  L_memcmp4
  L_memcmp5
  L_memcmp6
  L_memcpy7
  L_memcpy8
  L_memmove9
  L_memmove10
  L_memmove11
  L_memmove12
  L_memmove13
  L_memmove14
  L_memmove15
  L_memmove16
  L_memmove17
  L_memmove18
  L_memmove19
  L_memset20
  L_memset21
  L_strcat22
  L_strcat23
  L_strcat24
  L_strcat25
  L_strchr26
  L_strchr27
  L_strchr28
  L_strchr29
  L_strcmp30
  L_strcmp31
  L_strcmp32
  L_strcmp33
  L_strcpy34
  L_strcpy35
  L_strlen36
  L_strlen37
  L_strncat38
  L_strncat39
  L_strncat40
  L_strncat41
  L_strncat42
  L_strncat43
  L_strncat44
  L_strncpy45
  L_strncpy46
  L_strncpy47
  L_strncpy48
  L_strncpy49
  L_strspn50
  L_strspn51
  L_strspn52
  L_strspn53
  L_strcspn54
  L_strcspn55
  L_strcspn56
  L_strcspn57
  L_strncmp58
  L_strncmp59
  L_strncmp60
  L_strncmp61
  L_strncmp62
  L_strpbrk63
  L_strpbrk64
  L_strpbrk65
  L_strrchr66
  L_strrchr67
  L_strrchr68
  L_strrchr69
  L_strstr70
  L_strstr71
  L_strstr72
  L_strstr73
  L_strstr74
  L_strtok75
  L_strtok76
  L_strtok77
  L_strtok78
  L_strtok79
  L__memmove80
  L__strcmp81
  L__strncat82
  L__strspn83
  L__strcspn84
  L__strncmp85
  L__strstr86
  L_end_memchr
  _memchr
  L_end_memcmp
  _memcmp
  L__memcmp89
  L_end_memcpy
  _memcpy
  L_end_memmove
  _memmove
  L_end_memset
  _memset
  L_end_strcat
  _strcat
  L_end_strchr
  _strchr
  L_end_strcmp
  _strcmp
  L_end_strcpy
  _strcpy
  L_end_strlen
  _strlen
  L_end_strncat
  _strncat
  L__strncat99
  L_end_strncpy
  _strncpy
  L_end_strspn
  _strspn
  L_end_strcspn
  _strcspn
  L_end_strncmp
  _strncmp
  L_end_strpbrk
  _strpbrk
  L_end_strrchr
  _strrchr
  L_end_strstr
  _strstr
  L__strstr107
  L_end_strtok
  _strtok
  L_Delay_10us0
  L_Delay_22us1
  L_Delay_50us2
  L_Delay_80us3
  L_Delay_500us4
  L_Delay_5500us5
  L_Delay_1ms6
  L_Delay_5ms7
  L_Delay_8ms8
  L_Delay_10ms9
  L_Delay_100ms10
  L_Delay_1sec11
  L_boot16_Delay_5ms12
  L_Delay_Cyc13
  L_Delay_Cyc14
  L_VDelay_ms15
  L_VDelay_ms16
  L_VDelay_ms17
  L_VDelay_Advanced_ms18
  L_VDelay_Advanced_ms19
  L_VDelay_Advanced_ms20
  L_end_Get_Fosc_kHz
  _Get_Fosc_kHz
  L_end_Delay_1us
  _Delay_1us
  L_end_Delay_10us
  _Delay_10us
  L_end_Delay_22us
  _Delay_22us
  L_end_Delay_50us
  _Delay_50us
  L_end_Delay_80us
  _Delay_80us
  L_end_Delay_500us
  _Delay_500us
  L_end_Delay_5500us
  _Delay_5500us
  L_end_Delay_1ms
  _Delay_1ms
  L_end_Delay_5ms
  _Delay_5ms
  L_end_Delay_8ms
  _Delay_8ms
  L_end_Delay_10ms
  _Delay_10ms
  L_end_Delay_100ms
  _Delay_100ms
  L_end_Delay_1sec
  _Delay_1sec
  L_end_boot16_Delay_5ms
  _boot16_Delay_5ms
  L_end_Delay_Cyc
  _Delay_Cyc
  L_end_VDelay_ms
  _VDelay_ms
  L__VDelay_ms38
  L__VDelay_ms39
  L__VDelay_ms40
  L_end_VDelay_Advanced_ms
  _VDelay_Advanced_ms
  L__VDelay_Advanced_ms42
  L__VDelay_Advanced_ms43
  L__VDelay_Advanced_ms44
  L_loopCA2AWs
  L_CA2AWend
  _CCA2AW_Loop1
  L_loopCS2Ss
  L_CS2Send
  _CCS2S_Loop1
  L_CCS2Send
  L_loopFZinSWs
  L_FZinSend
  _CC2D_Loop1
  L_end_____DoICP
  _____DoICP
  L_end_____DoIFC
  _____DoIFC
  L_end___CA2AW
  ___CA2AW
  L_end___CCA2AW
  ___CCA2AW
  L_end___CS2S
  ___CS2S
  L_end___CCS2S
  ___CCS2S
  L_end___FZinS
  ___FZinS
  L_end___CC2DW
  ___CC2DW
  L_end_Swap
  _Swap
  L_init0
  L_init1
  L_init2
  L_init3
  L_init4
  L_init5
  L_init6
  L_init7
  L_init8
  L_main9
  L_main10
  L_main11
  L_main12
  L_main13
  L_main14
  L_main15
  L_main16
  L_main17
  L_main18
  L_main19
  L_main20
  L_end_interrupt
  _interrupt
  L__interrupt22
  L_end_init
  _init
  L_end_main
  _main
